<?xml version="1.0" encoding="UTF-8"?>
<!-- Generated by org.testng.reporters.JUnitReportReporter -->
<testsuite hostname="DESKTOP-0OUENT3" name="com.typeset.testsuites.Typeset_Smoke_Suite" tests="1" failures="0" timestamp="11 Oct 2017 05:44:01 GMT" time="5.051" errors="0">
  <testcase name="Site_Status_Check" time="5.051" classname="com.typeset.testsuites.Typeset_Smoke_Suite"/>
</testsuite> <!-- com.typeset.testsuites.Typeset_Smoke_Suite -->
